  Building Custom Rule C:/CPP_libs/SFML_source/SFML-2.5.1/src/SFML/System/CMakeLists.txt
  Clock.cpp
  Err.cpp
  Lock.cpp
  Mutex.cpp
  Sleep.cpp
  String.cpp
  Thread.cpp
  ThreadLocal.cpp
  Time.cpp
  FileInputStream.cpp
  MemoryInputStream.cpp
  ClockImpl.cpp
C:\CPP_libs\SFML_source\SFML-2.5.1\src\SFML\System\Win32\ClockImpl.cpp(46,35): warning C4996: 'GetVersion': was declared deprecated
  MutexImpl.cpp
  SleepImpl.cpp
  ThreadImpl.cpp
  ThreadLocalImpl.cpp
  Generating Code...
  sfml-system.vcxproj -> C:\CPP_libs\SFML_source\SFML-build\lib\Debug\sfml-system-s-d.lib
